2025-07-22 18:22:17.374 INFO  [File Watcher] o.s.b.d.a.LocalDevToolsAutoConfiguration$RestartingClassPathChangeChangedEventListener - Restarting due to 1 class path change (0 additions, 0 deletions, 1 modification)
2025-07-22 18:22:17.447 INFO  [Thread-11] o.a.coyote.http11.Http11NioProtocol - Stopping ProtocolHandler ["http-nio-9999"]
2025-07-22 18:22:19.602 INFO  [Thread-11] o.s.o.j.LocalContainerEntityManagerFactoryBean - Closing JPA EntityManagerFactory for persistence unit 'default'
2025-07-22 18:22:19.603 INFO  [Thread-11] com.zaxxer.hikari.HikariDataSource - HikariPool-3 - Shutdown initiated...
2025-07-22 18:22:19.637 INFO  [Thread-11] com.zaxxer.hikari.HikariDataSource - HikariPool-3 - Shutdown completed.
2025-07-22 18:22:20.038 INFO  [restartedMain] c.s.e.EcommerceSprinbootProjectApplication - Starting EcommerceSprinbootProjectApplication using Java 17.0.7 with PID 19164 (E:\SPRINGBOOT MODIFIED PROJECT FOLDER\sts-4.19.0.RELEASE\Spring-Project\Ecommerce_Sprinboot_Project\target\classes started by Archana in E:\SPRINGBOOT MODIFIED PROJECT FOLDER\sts-4.19.0.RELEASE\Spring-Project\Ecommerce_Sprinboot_Project)
2025-07-22 18:22:20.040 INFO  [restartedMain] c.s.e.EcommerceSprinbootProjectApplication - No active profile set, falling back to 1 default profile: "default"
2025-07-22 18:22:20.624 INFO  [restartedMain] o.s.d.r.c.RepositoryConfigurationDelegate - Bootstrapping Spring Data JPA repositories in DEFAULT mode.
2025-07-22 18:22:20.650 INFO  [restartedMain] o.s.d.r.c.RepositoryConfigurationDelegate - Finished Spring Data repository scanning in 25 ms. Found 2 JPA repository interfaces.
2025-07-22 18:22:21.050 INFO  [restartedMain] o.s.b.w.e.tomcat.TomcatWebServer - Tomcat initialized with port 9999 (http)
2025-07-22 18:22:21.051 INFO  [restartedMain] o.a.coyote.http11.Http11NioProtocol - Initializing ProtocolHandler ["http-nio-9999"]
2025-07-22 18:22:21.052 INFO  [restartedMain] o.a.catalina.core.StandardService - Starting service [Tomcat]
2025-07-22 18:22:21.052 INFO  [restartedMain] o.a.catalina.core.StandardEngine - Starting Servlet engine: [Apache Tomcat/10.1.25]
2025-07-22 18:22:21.168 INFO  [restartedMain] o.a.c.c.C.[Tomcat].[localhost].[/] - Initializing Spring embedded WebApplicationContext
2025-07-22 18:22:21.169 INFO  [restartedMain] o.s.b.w.s.c.ServletWebServerApplicationContext - Root WebApplicationContext: initialization completed in 1126 ms
2025-07-22 18:22:21.560 INFO  [restartedMain] o.h.jpa.internal.util.LogHelper - HHH000204: Processing PersistenceUnitInfo [name: default]
2025-07-22 18:22:21.569 INFO  [restartedMain] o.h.c.i.RegionFactoryInitiator - HHH000026: Second-level cache disabled
2025-07-22 18:22:21.610 INFO  [restartedMain] o.s.o.j.p.SpringPersistenceUnitInfo - No LoadTimeWeaver setup: ignoring JPA class transformer
2025-07-22 18:22:21.612 INFO  [restartedMain] com.zaxxer.hikari.HikariDataSource - HikariPool-4 - Starting...
2025-07-22 18:22:21.636 INFO  [restartedMain] com.zaxxer.hikari.pool.HikariPool - HikariPool-4 - Added connection com.mysql.cj.jdbc.ConnectionImpl@48cd1867
2025-07-22 18:22:21.636 INFO  [restartedMain] com.zaxxer.hikari.HikariDataSource - HikariPool-4 - Start completed.
2025-07-22 18:22:21.639 WARN  [restartedMain] org.hibernate.orm.deprecation - HHH90000025: MySQLDialect does not need to be specified explicitly using 'hibernate.dialect' (remove the property setting and it will be selected by default)
2025-07-22 18:22:21.975 INFO  [restartedMain] o.h.e.t.j.p.i.JtaPlatformInitiator - HHH000489: No JTA platform available (set 'hibernate.transaction.jta.platform' to enable JTA platform integration)
2025-07-22 18:22:22.011 INFO  [restartedMain] o.s.o.j.LocalContainerEntityManagerFactoryBean - Initialized JPA EntityManagerFactory for persistence unit 'default'
2025-07-22 18:22:24.002 INFO  [restartedMain] o.s.s.c.a.a.c.InitializeUserDetailsBeanManagerConfigurer$InitializeUserDetailsManagerConfigurer - Global AuthenticationManager configured with UserDetailsService bean with name userDetailsServiceImpl
2025-07-22 18:22:24.024 WARN  [restartedMain] o.s.b.a.o.j.JpaBaseConfiguration$JpaWebConfiguration - spring.jpa.open-in-view is enabled by default. Therefore, database queries may be performed during view rendering. Explicitly configure spring.jpa.open-in-view to disable this warning
2025-07-22 18:22:24.615 INFO  [restartedMain] o.s.b.d.a.OptionalLiveReloadServer - LiveReload server is running on port 35729
2025-07-22 18:22:24.640 INFO  [restartedMain] o.a.coyote.http11.Http11NioProtocol - Starting ProtocolHandler ["http-nio-9999"]
2025-07-22 18:22:24.657 INFO  [restartedMain] o.s.b.w.e.tomcat.TomcatWebServer - Tomcat started on port 9999 (http) with context path '/'
2025-07-22 18:22:24.671 INFO  [restartedMain] c.s.e.EcommerceSprinbootProjectApplication - Started EcommerceSprinbootProjectApplication in 4.785 seconds (process running for 374.106)
2025-07-22 18:22:24.675 INFO  [restartedMain] o.s.b.d.a.ConditionEvaluationDeltaLoggingListener - Condition evaluation unchanged
2025-07-22 18:22:33.287 INFO  [http-nio-9999-exec-1] o.a.c.c.C.[Tomcat].[localhost].[/] - Initializing Spring DispatcherServlet 'dispatcherServlet'
2025-07-22 18:22:33.288 INFO  [http-nio-9999-exec-1] o.s.web.servlet.DispatcherServlet - Initializing Servlet 'dispatcherServlet'
2025-07-22 18:22:33.290 INFO  [http-nio-9999-exec-1] o.s.web.servlet.DispatcherServlet - Completed initialization in 2 ms
2025-07-22 18:22:33.476 ERROR [http-nio-9999-exec-1] c.s.e.controller.ProductController - Product deleted : ApiResponse(message=Product has been deleted successfully)
